<?xml version="1.0" encoding="UTF-8"?>
<!-- Generated by org.testng.reporters.JUnitReportReporter -->
<testsuite hostname="DHARUN" failures="0" tests="1" name="TestCaseRepo.TC_005" time="27.229" errors="0" timestamp="2025-02-13T10:06:50 IST" skipped="0">
  <testcase classname="TestCaseRepo.TC_005" name="CreatingNewContactPage_002" time="27.229"/>
  <system-out/>
</testsuite> <!-- TestCaseRepo.TC_005 -->
