<?xml version="1.0" encoding="UTF-8"?>
<!-- Generated by org.testng.reporters.JUnitReportReporter -->
<testsuite hostname="DHARUN" failures="0" tests="1" name="TestCaseRepo.TC_003" time="27.130" errors="0" timestamp="2025-02-13T10:06:50 IST" skipped="0">
  <testcase classname="TestCaseRepo.TC_003" name="CreatNewLeadpaage_003" time="27.130"/>
  <system-out/>
</testsuite> <!-- TestCaseRepo.TC_003 -->
