<?xml version="1.0" encoding="UTF-8"?>
<!-- Generated by org.testng.reporters.JUnitReportReporter -->
<testsuite hostname="DHARUN" failures="0" tests="1" name="TestCaseRepo.TC_002" time="28.224" errors="0" timestamp="2025-02-13T10:06:50 IST" skipped="0">
  <testcase classname="TestCaseRepo.TC_002" name="CreatNewLeadpaage_002" time="28.224"/>
  <system-out/>
</testsuite> <!-- TestCaseRepo.TC_002 -->
